<?xml version="1.0" encoding="UTF-8"?>
<!-- Generated by org.testng.reporters.JUnitXMLReporter -->
<testsuite hostname="WKWIN0391205" ignored="0" name="Running Test A" tests="3" failures="0" timestamp="05 Sep 2018 16:43:50 GMT" time="35.351" errors="0">
  <testcase name="myFirstTestt" time="0.12" classname="com.qa.testcases.MyFirstTest">
    <skipped/>
  </testcase> <!-- myFirstTestt -->
  <testcase name="myFirstTestt" time="28.036" classname="com.qa.testcases.MyFirstTest"/>
  <testcase name="mySecondTestt" time="0.052" classname="com.qa.testcases.MyFirstTest">
    <skipped/>
  </testcase> <!-- mySecondTestt -->
</testsuite> <!-- Running Test A -->
