<?xml version="1.0" encoding="UTF-8"?>
<!-- Generated by org.testng.reporters.JUnitXMLReporter -->
<testsuite hostname="WKWIN0391205" ignored="0" name="Running Test A" tests="3" failures="0" timestamp="26 Sep 2018 17:23:44 GMT" time="26.717" errors="0">
  <testcase name="myFirstTestt" time="0.136" classname="com.qa.testcases.MyFirstTest">
    <skipped/>
  </testcase> <!-- myFirstTestt -->
  <testcase name="myFirstTestt" time="0.133" classname="com.qa.testcases.MyFirstTest">
    <skipped/>
  </testcase> <!-- myFirstTestt -->
  <testcase name="mySecondTestt" time="0.073" classname="com.qa.testcases.MyFirstTest">
    <skipped/>
  </testcase> <!-- mySecondTestt -->
</testsuite> <!-- Running Test A -->
