<?xml version="1.0" encoding="UTF-8"?>
<testsuite xmlns:xsi="http://www.w3.org/2001/XMLSchema-instance" xsi:noNamespaceSchemaLocation="https://maven.apache.org/surefire/maven-surefire-plugin/xsd/surefire-test-report.xsd" name="TestSuite" time="71.019" tests="4" errors="0" skipped="2" failures="0">
  <properties>
[...]
</properties>
  <testcase name="myFirstTestt" classname="com.qa.testcases.MyFirstTest" time="0">
    <skipped message="Runmode of the test data is set to NO"/>
    <system-out><![CDATA[Y
]]></system-out>
  </testcase>
  <testcase name="myFirstTestt" classname="com.qa.testcases.MyFirstTest" time="28.033"/>
  <testcase name="mySecondTestt" classname="com.qa.testcases.MyFirstTest" time="0">
    <skipped message="Runmode is NO"/>
    <system-out><![CDATA[N
]]></system-out>
    <system-err><![CDATA[1536165823340	Marionette	INFO	New connections will no longer be accepted
Unable to read VR Path Registry from C:\Users\vdube1\AppData\Local\openvr\openvrpaths.vrpath
[Child 11456] WARNING: pipe error: 109: file z:/build/build/src/ipc/chromium/src/chrome/common/ipc_channel_win.cc, line 346
Unable to read VR Path Registry from C:\Users\vdube1\AppData\Local\openvr\openvrpaths.vrpath
[Child 3992] WARNING: pipe error: 109: file z:/build/build/src/ipc/chromium/src/chrome/common/ipc_channel_win.cc, line 346
[Child 3992] WARNING: pipe error: 109: file z:/build/build/src/ipc/chromium/src/chrome/common/ipc_channel_win.cc, line 346
*** UTM:SVC TimerManager:registerTimer called after profile-before-change notification. Ignoring timer registration for id: telemetry_modules_ping
]]></system-err>
  </testcase>
  <testcase name="loginPageTitleTest" classname="com.qa.testcases.LoginPageTest" time="24.772"/>
</testsuite>