<?xml version="1.0" encoding="UTF-8"?>
<!-- Generated by org.testng.reporters.JUnitXMLReporter -->
<testsuite hostname="WKWIN0391205" ignored="0" name="MyFirstTest" tests="3" failures="0" timestamp="28 Sep 2018 02:18:50 GMT" time="18.408" errors="0">
  <testcase name="myFirstTestt" time="0.062" classname="com.qa.testcases.MyFirstTest">
    <skipped/>
  </testcase> <!-- myFirstTestt -->
  <testcase name="myFirstTestt" time="0.038" classname="com.qa.testcases.MyFirstTest">
    <skipped/>
  </testcase> <!-- myFirstTestt -->
  <testcase name="mySecondTestt" time="0.024" classname="com.qa.testcases.MyFirstTest">
    <skipped/>
  </testcase> <!-- mySecondTestt -->
</testsuite> <!-- MyFirstTest -->
